# JRE version: OpenJDK Runtime Environment (8.0_202-b03) (build 1.8.0_202-release-1483-b03)
# Java VM: OpenJDK 64-Bit Server VM (25.202-b03 mixed mode windows-amd64 compressed oops)
Heap:
 PSYoungGen      total 202240K, used 110539K [0x00000000e0000000, 0x00000000ef100000, 0x0000000100000000)
  eden space 177664K, 48% used [0x00000000e0000000,0x00000000e53f7b68,0x00000000ead80000)
  from space 24576K, 99% used [0x00000000ecc00000,0x00000000ee3fb140,0x00000000ee400000)
  to   space 31232K, 0% used [0x00000000ead80000,0x00000000ead80000,0x00000000ecc00000)
 ParOldGen       total 95232K, used 76767K [0x00000000a0000000, 0x00000000a5d00000, 0x00000000e0000000)
  object space 95232K, 80% used [0x00000000a0000000,0x00000000a4af7c10,0x00000000a5d00000)
 Metaspace       used 93465K, capacity 97384K, committed 97664K, reserved 1134592K
  class space    used 12008K, capacity 12826K, committed 12928K, reserved 1048576K
GC Heap History (10 events):
Event: 323.904 GC heap before
{Heap before GC invocations=55 (full 5):
 PSYoungGen      total 174592K, used 160768K [0x00000000e0000000, 0x00000000ed880000, 0x0000000100000000)
  eden space 160768K, 100% used [0x00000000e0000000,0x00000000e9d00000,0x00000000e9d00000)
  from space 13824K, 0% used [0x00000000e9d00000,0x00000000e9d00000,0x00000000eaa80000)
  to   space 24576K, 0% used [0x00000000ec080000,0x00000000ec080000,0x00000000ed880000)
 ParOldGen       total 95232K, used 68896K [0x00000000a0000000, 0x00000000a5d00000, 0x00000000e0000000)
  object space 95232K, 72% used [0x00000000a0000000,0x00000000a4348250,0x00000000a5d00000)
 Metaspace       used 83500K, capacity 86106K, committed 87040K, reserved 1124352K
  class space    used 10544K, capacity 11079K, committed 11264K, reserved 1048576K
Event: 323.918 GC heap after
Heap after GC invocations=55 (full 5):
 PSYoungGen      total 187904K, used 6912K [0x00000000e0000000, 0x00000000ed300000, 0x0000000100000000)
  eden space 168960K, 0% used [0x00000000e0000000,0x00000000e0000000,0x00000000ea500000)
  from space 18944K, 36% used [0x00000000ec080000,0x00000000ec740020,0x00000000ed300000)
  to   space 23552K, 0% used [0x00000000ea500000,0x00000000ea500000,0x00000000ebc00000)
 ParOldGen       total 95232K, used 68896K [0x00000000a0000000, 0x00000000a5d00000, 0x00000000e0000000)
  object space 95232K, 72% used [0x00000000a0000000,0x00000000a4348250,0x00000000a5d00000)
 Metaspace       used 83500K, capacity 86106K, committed 87040K, reserved 1124352K
  class space    used 10544K, capacity 11079K, committed 11264K, reserved 1048576K
}
Event: 326.473 GC heap before
{Heap before GC invocations=56 (full 5):
 PSYoungGen      total 187904K, used 175872K [0x00000000e0000000, 0x00000000ed300000, 0x0000000100000000)
  eden space 168960K, 100% used [0x00000000e0000000,0x00000000ea500000,0x00000000ea500000)
  from space 18944K, 36% used [0x00000000ec080000,0x00000000ec740020,0x00000000ed300000)
  to   space 23552K, 0% used [0x00000000ea500000,0x00000000ea500000,0x00000000ebc00000)
 ParOldGen       total 95232K, used 68896K [0x00000000a0000000, 0x00000000a5d00000, 0x00000000e0000000)
  object space 95232K, 72% used [0x00000000a0000000,0x00000000a4348250,0x00000000a5d00000)
 Metaspace       used 83509K, capacity 86106K, committed 87040K, reserved 1124352K
  class space    used 10545K, capacity 11079K, committed 11264K, reserved 1048576K
Event: 326.493 GC heap after
Heap after GC invocations=56 (full 5):
 PSYoungGen      total 192512K, used 11728K [0x00000000e0000000, 0x00000000eda80000, 0x0000000100000000)
  eden space 168960K, 0% used [0x00000000e0000000,0x00000000e0000000,0x00000000ea500000)
  from space 23552K, 49% used [0x00000000ea500000,0x00000000eb074010,0x00000000ebc00000)
  to   space 23040K, 0% used [0x00000000ec400000,0x00000000ec400000,0x00000000eda80000)
 ParOldGen       total 95232K, used 68896K [0x00000000a0000000, 0x00000000a5d00000, 0x00000000e0000000)
  object space 95232K, 72% used [0x00000000a0000000,0x00000000a4348250,0x00000000a5d00000)
 Metaspace       used 83509K, capacity 86106K, committed 87040K, reserved 1124352K
  class space    used 10545K, capacity 11079K, committed 11264K, reserved 1048576K
}
Event: 331.670 GC heap before
{Heap before GC invocations=57 (full 5):
 PSYoungGen      total 192512K, used 180688K [0x00000000e0000000, 0x00000000eda80000, 0x0000000100000000)
  eden space 168960K, 100% used [0x00000000e0000000,0x00000000ea500000,0x00000000ea500000)
  from space 23552K, 49% used [0x00000000ea500000,0x00000000eb074010,0x00000000ebc00000)
  to   space 23040K, 0% used [0x00000000ec400000,0x00000000ec400000,0x00000000eda80000)
 ParOldGen       total 95232K, used 68896K [0x00000000a0000000, 0x00000000a5d00000, 0x00000000e0000000)
  object space 95232K, 72% used [0x00000000a0000000,0x00000000a4348250,0x00000000a5d00000)
 Metaspace       used 83673K, capacity 86246K, committed 87040K, reserved 1124352K
  class space    used 10573K, capacity 11131K, committed 11264K, reserved 1048576K
Event: 331.698 GC heap after
Heap after GC invocations=57 (full 5):
 PSYoungGen      total 200192K, used 13216K [0x00000000e0000000, 0x00000000edb00000, 0x0000000100000000)
  eden space 177152K, 0% used [0x00000000e0000000,0x00000000e0000000,0x00000000ead00000)
  from space 23040K, 57% used [0x00000000ec400000,0x00000000ed0e8198,0x00000000eda80000)
  to   space 23552K, 0% used [0x00000000ead00000,0x00000000ead00000,0x00000000ec400000)
 ParOldGen       total 95232K, used 68904K [0x00000000a0000000, 0x00000000a5d00000, 0x00000000e0000000)
  object space 95232K, 72% used [0x00000000a0000000,0x00000000a434a250,0x00000000a5d00000)
 Metaspace       used 83673K, capacity 86246K, committed 87040K, reserved 1124352K
  class space    used 10573K, capacity 11131K, committed 11264K, reserved 1048576K
}
Event: 339.880 GC heap before
{Heap before GC invocations=58 (full 5):
 PSYoungGen      total 200192K, used 190368K [0x00000000e0000000, 0x00000000edb00000, 0x0000000100000000)
  eden space 177152K, 100% used [0x00000000e0000000,0x00000000ead00000,0x00000000ead00000)
  from space 23040K, 57% used [0x00000000ec400000,0x00000000ed0e8198,0x00000000eda80000)
  to   space 23552K, 0% used [0x00000000ead00000,0x00000000ead00000,0x00000000ec400000)
 ParOldGen       total 95232K, used 68904K [0x00000000a0000000, 0x00000000a5d00000, 0x00000000e0000000)
  object space 95232K, 72% used [0x00000000a0000000,0x00000000a434a250,0x00000000a5d00000)
 Metaspace       used 84425K, capacity 87102K, committed 87424K, reserved 1126400K
  class space    used 10671K, capacity 11225K, committed 11392K, reserved 1048576K
Event: 339.900 GC heap after
Heap after GC invocations=58 (full 5):
 PSYoungGen      total 200704K, used 16580K [0x00000000e0000000, 0x00000000ee400000, 0x0000000100000000)
  eden space 177152K, 0% used [0x00000000e0000000,0x00000000e0000000,0x00000000ead00000)
  from space 23552K, 70% used [0x00000000ead00000,0x00000000ebd31118,0x00000000ec400000)
  to   space 24576K, 0% used [0x00000000ecc00000,0x00000000ecc00000,0x00000000ee400000)
 ParOldGen       total 95232K, used 68912K [0x00000000a0000000, 0x00000000a5d00000, 0x00000000e0000000)
  object space 95232K, 72% used [0x00000000a0000000,0x00000000a434c250,0x00000000a5d00000)
 Metaspace       used 84425K, capacity 87102K, committed 87424K, reserved 1126400K
  class space    used 10671K, capacity 11225K, committed 11392K, reserved 1048576K
}
Event: 347.586 GC heap before
{Heap before GC invocations=59 (full 5):
 PSYoungGen      total 200704K, used 193732K [0x00000000e0000000, 0x00000000ee400000, 0x0000000100000000)
  eden space 177152K, 100% used [0x00000000e0000000,0x00000000ead00000,0x00000000ead00000)
  from space 23552K, 70% used [0x00000000ead00000,0x00000000ebd31118,0x00000000ec400000)
  to   space 24576K, 0% used [0x00000000ecc00000,0x00000000ecc00000,0x00000000ee400000)
 ParOldGen       total 95232K, used 68912K [0x00000000a0000000, 0x00000000a5d00000, 0x00000000e0000000)
  object space 95232K, 72% used [0x00000000a0000000,0x00000000a434c250,0x00000000a5d00000)
 Metaspace       used 91914K, capacity 95786K, committed 96000K, reserved 1132544K
  class space    used 11895K, capacity 12725K, committed 12800K, reserved 1048576K
Event: 347.625 GC heap after
Heap after GC invocations=59 (full 5):
 PSYoungGen      total 202240K, used 24556K [0x00000000e0000000, 0x00000000ef100000, 0x0000000100000000)
  eden space 177664K, 0% used [0x00000000e0000000,0x00000000e0000000,0x00000000ead80000)
  from space 24576K, 99% used [0x00000000ecc00000,0x00000000ee3fb140,0x00000000ee400000)
  to   space 31232K, 0% used [0x00000000ead80000,0x00000000ead80000,0x00000000ecc00000)
 ParOldGen       total 95232K, used 76767K [0x00000000a0000000, 0x00000000a5d00000, 0x00000000e0000000)
  object space 95232K, 80% used [0x00000000a0000000,0x00000000a4af7c10,0x00000000a5d00000)
 Metaspace       used 91914K, capacity 95786K, committed 96000K, reserved 1132544K
  class space    used 11895K, capacity 12725K, committed 12800K, reserved 1048576K
}

