# JRE version: OpenJDK Runtime Environment (8.0_202-b03) (build 1.8.0_202-release-1483-b03)
# Java VM: OpenJDK 64-Bit Server VM (25.202-b03 mixed mode windows-amd64 compressed oops)
Heap:
 PSYoungGen      total 156160K, used 64054K [0x00000000e0000000, 0x00000000ead80000, 0x0000000100000000)
  eden space 139264K, 45% used [0x00000000e0000000,0x00000000e3e8da38,0x00000000e8800000)
  from space 16896K, 0% used [0x00000000e9800000,0x00000000e9800000,0x00000000ea880000)
  to   space 16384K, 0% used [0x00000000e8800000,0x00000000e8800000,0x00000000e9800000)
 ParOldGen       total 87552K, used 35134K [0x00000000a0000000, 0x00000000a5580000, 0x00000000e0000000)
  object space 87552K, 40% used [0x00000000a0000000,0x00000000a224f888,0x00000000a5580000)
 Metaspace       used 61126K, capacity 63064K, committed 63320K, reserved 1105920K
  class space    used 8321K, capacity 8772K, committed 8792K, reserved 1048576K
GC Heap History (10 events):
Event: 17.565 GC heap before
{Heap before GC invocations=13 (full 2):
 PSYoungGen      total 97792K, used 3931K [0x00000000e0000000, 0x00000000e8900000, 0x0000000100000000)
  eden space 87040K, 0% used [0x00000000e0000000,0x00000000e0000000,0x00000000e5500000)
  from space 10752K, 36% used [0x00000000e5500000,0x00000000e58d6dd8,0x00000000e5f80000)
  to   space 10752K, 0% used [0x00000000e7e80000,0x00000000e7e80000,0x00000000e8900000)
 ParOldGen       total 32768K, used 13021K [0x00000000a0000000, 0x00000000a2000000, 0x00000000e0000000)
  object space 32768K, 39% used [0x00000000a0000000,0x00000000a0cb7578,0x00000000a2000000)
 Metaspace       used 34674K, capacity 35374K, committed 35456K, reserved 1079296K
  class space    used 4768K, capacity 4958K, committed 4992K, reserved 1048576K
Event: 17.646 GC heap after
Heap after GC invocations=13 (full 2):
 PSYoungGen      total 97792K, used 0K [0x00000000e0000000, 0x00000000e8900000, 0x0000000100000000)
  eden space 87040K, 0% used [0x00000000e0000000,0x00000000e0000000,0x00000000e5500000)
  from space 10752K, 0% used [0x00000000e5500000,0x00000000e5500000,0x00000000e5f80000)
  to   space 10752K, 0% used [0x00000000e7e80000,0x00000000e7e80000,0x00000000e8900000)
 ParOldGen       total 53248K, used 15957K [0x00000000a0000000, 0x00000000a3400000, 0x00000000e0000000)
  object space 53248K, 29% used [0x00000000a0000000,0x00000000a0f95588,0x00000000a3400000)
 Metaspace       used 34670K, capacity 35362K, committed 35456K, reserved 1079296K
  class space    used 4767K, capacity 4956K, committed 4992K, reserved 1048576K
}
Event: 24.015 GC heap before
{Heap before GC invocations=14 (full 2):
 PSYoungGen      total 97792K, used 87040K [0x00000000e0000000, 0x00000000e8900000, 0x0000000100000000)
  eden space 87040K, 100% used [0x00000000e0000000,0x00000000e5500000,0x00000000e5500000)
  from space 10752K, 0% used [0x00000000e5500000,0x00000000e5500000,0x00000000e5f80000)
  to   space 10752K, 0% used [0x00000000e7e80000,0x00000000e7e80000,0x00000000e8900000)
 ParOldGen       total 53248K, used 15957K [0x00000000a0000000, 0x00000000a3400000, 0x00000000e0000000)
  object space 53248K, 29% used [0x00000000a0000000,0x00000000a0f95588,0x00000000a3400000)
 Metaspace       used 43357K, capacity 44440K, committed 44544K, reserved 1087488K
  class space    used 5865K, capacity 6124K, committed 6144K, reserved 1048576K
Event: 24.028 GC heap after
Heap after GC invocations=14 (full 2):
 PSYoungGen      total 121856K, used 10730K [0x00000000e0000000, 0x00000000e8900000, 0x0000000100000000)
  eden space 111104K, 0% used [0x00000000e0000000,0x00000000e0000000,0x00000000e6c80000)
  from space 10752K, 99% used [0x00000000e7e80000,0x00000000e88faaa8,0x00000000e8900000)
  to   space 12288K, 0% used [0x00000000e7100000,0x00000000e7100000,0x00000000e7d00000)
 ParOldGen       total 53248K, used 16986K [0x00000000a0000000, 0x00000000a3400000, 0x00000000e0000000)
  object space 53248K, 31% used [0x00000000a0000000,0x00000000a1096940,0x00000000a3400000)
 Metaspace       used 43357K, capacity 44440K, committed 44544K, reserved 1087488K
  class space    used 5865K, capacity 6124K, committed 6144K, reserved 1048576K
}
Event: 30.463 GC heap before
{Heap before GC invocations=15 (full 2):
 PSYoungGen      total 121856K, used 121834K [0x00000000e0000000, 0x00000000e8900000, 0x0000000100000000)
  eden space 111104K, 100% used [0x00000000e0000000,0x00000000e6c80000,0x00000000e6c80000)
  from space 10752K, 99% used [0x00000000e7e80000,0x00000000e88faaa8,0x00000000e8900000)
  to   space 12288K, 0% used [0x00000000e7100000,0x00000000e7100000,0x00000000e7d00000)
 ParOldGen       total 53248K, used 16986K [0x00000000a0000000, 0x00000000a3400000, 0x00000000e0000000)
  object space 53248K, 31% used [0x00000000a0000000,0x00000000a1096940,0x00000000a3400000)
 Metaspace       used 51517K, capacity 53124K, committed 53248K, reserved 1095680K
  class space    used 7027K, capacity 7416K, committed 7424K, reserved 1048576K
Event: 30.483 GC heap after
Heap after GC invocations=15 (full 2):
 PSYoungGen      total 128000K, used 12272K [0x00000000e0000000, 0x00000000ea880000, 0x0000000100000000)
  eden space 115712K, 0% used [0x00000000e0000000,0x00000000e0000000,0x00000000e7100000)
  from space 12288K, 99% used [0x00000000e7100000,0x00000000e7cfc1a0,0x00000000e7d00000)
  to   space 16896K, 0% used [0x00000000e9800000,0x00000000e9800000,0x00000000ea880000)
 ParOldGen       total 53248K, used 23674K [0x00000000a0000000, 0x00000000a3400000, 0x00000000e0000000)
  object space 53248K, 44% used [0x00000000a0000000,0x00000000a171ea80,0x00000000a3400000)
 Metaspace       used 51517K, capacity 53124K, committed 53248K, reserved 1095680K
  class space    used 7027K, capacity 7416K, committed 7424K, reserved 1048576K
}
Event: 36.110 GC heap before
{Heap before GC invocations=16 (full 2):
 PSYoungGen      total 128000K, used 104185K [0x00000000e0000000, 0x00000000ea880000, 0x0000000100000000)
  eden space 115712K, 79% used [0x00000000e0000000,0x00000000e59c2430,0x00000000e7100000)
  from space 12288K, 99% used [0x00000000e7100000,0x00000000e7cfc1a0,0x00000000e7d00000)
  to   space 16896K, 0% used [0x00000000e9800000,0x00000000e9800000,0x00000000ea880000)
 ParOldGen       total 53248K, used 23674K [0x00000000a0000000, 0x00000000a3400000, 0x00000000e0000000)
  object space 53248K, 44% used [0x00000000a0000000,0x00000000a171ea80,0x00000000a3400000)
 Metaspace       used 57202K, capacity 59032K, committed 59096K, reserved 1099776K
  class space    used 7883K, capacity 8349K, committed 8408K, reserved 1048576K
Event: 36.154 GC heap after
Heap after GC invocations=16 (full 2):
 PSYoungGen      total 156160K, used 9221K [0x00000000e0000000, 0x00000000ead80000, 0x0000000100000000)
  eden space 139264K, 0% used [0x00000000e0000000,0x00000000e0000000,0x00000000e8800000)
  from space 16896K, 54% used [0x00000000e9800000,0x00000000ea1017e8,0x00000000ea880000)
  to   space 16384K, 0% used [0x00000000e8800000,0x00000000e8800000,0x00000000e9800000)
 ParOldGen       total 53248K, used 30920K [0x00000000a0000000, 0x00000000a3400000, 0x00000000e0000000)
  object space 53248K, 58% used [0x00000000a0000000,0x00000000a1e32370,0x00000000a3400000)
 Metaspace       used 57202K, capacity 59032K, committed 59096K, reserved 1099776K
  class space    used 7883K, capacity 8349K, committed 8408K, reserved 1048576K
}
Event: 36.154 GC heap before
{Heap before GC invocations=17 (full 3):
 PSYoungGen      total 156160K, used 9221K [0x00000000e0000000, 0x00000000ead80000, 0x0000000100000000)
  eden space 139264K, 0% used [0x00000000e0000000,0x00000000e0000000,0x00000000e8800000)
  from space 16896K, 54% used [0x00000000e9800000,0x00000000ea1017e8,0x00000000ea880000)
  to   space 16384K, 0% used [0x00000000e8800000,0x00000000e8800000,0x00000000e9800000)
 ParOldGen       total 53248K, used 30920K [0x00000000a0000000, 0x00000000a3400000, 0x00000000e0000000)
  object space 53248K, 58% used [0x00000000a0000000,0x00000000a1e32370,0x00000000a3400000)
 Metaspace       used 57202K, capacity 59032K, committed 59096K, reserved 1099776K
  class space    used 7883K, capacity 8349K, committed 8408K, reserved 1048576K
Event: 36.404 GC heap after
Heap after GC invocations=17 (full 3):
 PSYoungGen      total 156160K, used 0K [0x00000000e0000000, 0x00000000ead80000, 0x0000000100000000)
  eden space 139264K, 0% used [0x00000000e0000000,0x00000000e0000000,0x00000000e8800000)
  from space 16896K, 0% used [0x00000000e9800000,0x00000000e9800000,0x00000000ea880000)
  to   space 16384K, 0% used [0x00000000e8800000,0x00000000e8800000,0x00000000e9800000)
 ParOldGen       total 87552K, used 35134K [0x00000000a0000000, 0x00000000a5580000, 0x00000000e0000000)
  object space 87552K, 40% used [0x00000000a0000000,0x00000000a224f888,0x00000000a5580000)
 Metaspace       used 57202K, capacity 59032K, committed 59096K, reserved 1099776K
  class space    used 7883K, capacity 8349K, committed 8408K, reserved 1048576K
}

