# JRE version: OpenJDK Runtime Environment (8.0_202-b03) (build 1.8.0_202-release-1483-b03)
# Java VM: OpenJDK 64-Bit Server VM (25.202-b03 mixed mode windows-amd64 compressed oops)
Heap:
 PSYoungGen      total 287232K, used 236997K [0x00000000e0000000, 0x00000000f7b80000, 0x0000000100000000)
  eden space 265728K, 84% used [0x00000000e0000000,0x00000000edb30288,0x00000000f0380000)
  from space 21504K, 58% used [0x00000000f0380000,0x00000000f0fc1538,0x00000000f1880000)
  to   space 21504K, 0% used [0x00000000f6680000,0x00000000f6680000,0x00000000f7b80000)
 ParOldGen       total 93184K, used 37923K [0x00000000a0000000, 0x00000000a5b00000, 0x00000000e0000000)
  object space 93184K, 40% used [0x00000000a0000000,0x00000000a2508c60,0x00000000a5b00000)
 Metaspace       used 64204K, capacity 66472K, committed 66560K, reserved 1105920K
  class space    used 8681K, capacity 9200K, committed 9216K, reserved 1048576K
GC Heap History (10 events):
Event: 18.172 GC heap before
{Heap before GC invocations=14 (full 2):
 PSYoungGen      total 182784K, used 143475K [0x00000000e0000000, 0x00000000ef900000, 0x0000000100000000)
  eden space 169472K, 76% used [0x00000000e0000000,0x00000000e7f1f0d0,0x00000000ea580000)
  from space 13312K, 99% used [0x00000000ea580000,0x00000000eb27dcc8,0x00000000eb280000)
  to   space 17920K, 0% used [0x00000000ee780000,0x00000000ee780000,0x00000000ef900000)
 ParOldGen       total 55296K, used 24583K [0x00000000a0000000, 0x00000000a3600000, 0x00000000e0000000)
  object space 55296K, 44% used [0x00000000a0000000,0x00000000a1801f90,0x00000000a3600000)
 Metaspace       used 57132K, capacity 59032K, committed 59096K, reserved 1099776K
  class space    used 7843K, capacity 8296K, committed 8320K, reserved 1048576K
Event: 18.206 GC heap after
Heap after GC invocations=14 (full 2):
 PSYoungGen      total 236032K, used 13572K [0x00000000e0000000, 0x00000000efa00000, 0x0000000100000000)
  eden space 218112K, 0% used [0x00000000e0000000,0x00000000e0000000,0x00000000ed500000)
  from space 17920K, 75% used [0x00000000ee780000,0x00000000ef4c11d8,0x00000000ef900000)
  to   space 18944K, 0% used [0x00000000ed500000,0x00000000ed500000,0x00000000ee780000)
 ParOldGen       total 55296K, used 35350K [0x00000000a0000000, 0x00000000a3600000, 0x00000000e0000000)
  object space 55296K, 63% used [0x00000000a0000000,0x00000000a2285968,0x00000000a3600000)
 Metaspace       used 57132K, capacity 59032K, committed 59096K, reserved 1099776K
  class space    used 7843K, capacity 8296K, committed 8320K, reserved 1048576K
}
Event: 18.206 GC heap before
{Heap before GC invocations=15 (full 3):
 PSYoungGen      total 236032K, used 13572K [0x00000000e0000000, 0x00000000efa00000, 0x0000000100000000)
  eden space 218112K, 0% used [0x00000000e0000000,0x00000000e0000000,0x00000000ed500000)
  from space 17920K, 75% used [0x00000000ee780000,0x00000000ef4c11d8,0x00000000ef900000)
  to   space 18944K, 0% used [0x00000000ed500000,0x00000000ed500000,0x00000000ee780000)
 ParOldGen       total 55296K, used 35350K [0x00000000a0000000, 0x00000000a3600000, 0x00000000e0000000)
  object space 55296K, 63% used [0x00000000a0000000,0x00000000a2285968,0x00000000a3600000)
 Metaspace       used 57132K, capacity 59032K, committed 59096K, reserved 1099776K
  class space    used 7843K, capacity 8296K, committed 8320K, reserved 1048576K
Event: 18.425 GC heap after
Heap after GC invocations=15 (full 3):
 PSYoungGen      total 236032K, used 0K [0x00000000e0000000, 0x00000000efa00000, 0x0000000100000000)
  eden space 218112K, 0% used [0x00000000e0000000,0x00000000e0000000,0x00000000ed500000)
  from space 17920K, 0% used [0x00000000ee780000,0x00000000ee780000,0x00000000ef900000)
  to   space 18944K, 0% used [0x00000000ed500000,0x00000000ed500000,0x00000000ee780000)
 ParOldGen       total 93184K, used 37899K [0x00000000a0000000, 0x00000000a5b00000, 0x00000000e0000000)
  object space 93184K, 40% used [0x00000000a0000000,0x00000000a2502c60,0x00000000a5b00000)
 Metaspace       used 57132K, capacity 59032K, committed 59096K, reserved 1099776K
  class space    used 7843K, capacity 8296K, committed 8320K, reserved 1048576K
}
Event: 21.858 GC heap before
{Heap before GC invocations=16 (full 3):
 PSYoungGen      total 236032K, used 218112K [0x00000000e0000000, 0x00000000efa00000, 0x0000000100000000)
  eden space 218112K, 100% used [0x00000000e0000000,0x00000000ed500000,0x00000000ed500000)
  from space 17920K, 0% used [0x00000000ee780000,0x00000000ee780000,0x00000000ef900000)
  to   space 18944K, 0% used [0x00000000ed500000,0x00000000ed500000,0x00000000ee780000)
 ParOldGen       total 93184K, used 37899K [0x00000000a0000000, 0x00000000a5b00000, 0x00000000e0000000)
  object space 93184K, 40% used [0x00000000a0000000,0x00000000a2502c60,0x00000000a5b00000)
 Metaspace       used 62400K, capacity 64632K, committed 64896K, reserved 1105920K
  class space    used 8523K, capacity 9064K, committed 9088K, reserved 1048576K
Event: 21.878 GC heap after
Heap after GC invocations=16 (full 3):
 PSYoungGen      total 237056K, used 11675K [0x00000000e0000000, 0x00000000f2b80000, 0x0000000100000000)
  eden space 218112K, 0% used [0x00000000e0000000,0x00000000e0000000,0x00000000ed500000)
  from space 18944K, 61% used [0x00000000ed500000,0x00000000ee066f38,0x00000000ee780000)
  to   space 19456K, 0% used [0x00000000f1880000,0x00000000f1880000,0x00000000f2b80000)
 ParOldGen       total 93184K, used 37907K [0x00000000a0000000, 0x00000000a5b00000, 0x00000000e0000000)
  object space 93184K, 40% used [0x00000000a0000000,0x00000000a2504c60,0x00000000a5b00000)
 Metaspace       used 62400K, capacity 64632K, committed 64896K, reserved 1105920K
  class space    used 8523K, capacity 9064K, committed 9088K, reserved 1048576K
}
Event: 22.391 GC heap before
{Heap before GC invocations=17 (full 3):
 PSYoungGen      total 237056K, used 229787K [0x00000000e0000000, 0x00000000f2b80000, 0x0000000100000000)
  eden space 218112K, 100% used [0x00000000e0000000,0x00000000ed500000,0x00000000ed500000)
  from space 18944K, 61% used [0x00000000ed500000,0x00000000ee066f38,0x00000000ee780000)
  to   space 19456K, 0% used [0x00000000f1880000,0x00000000f1880000,0x00000000f2b80000)
 ParOldGen       total 93184K, used 37907K [0x00000000a0000000, 0x00000000a5b00000, 0x00000000e0000000)
  object space 93184K, 40% used [0x00000000a0000000,0x00000000a2504c60,0x00000000a5b00000)
 Metaspace       used 63362K, capacity 65616K, committed 65792K, reserved 1105920K
  class space    used 8617K, capacity 9132K, committed 9216K, reserved 1048576K
Event: 22.407 GC heap after
Heap after GC invocations=17 (full 3):
 PSYoungGen      total 285184K, used 16668K [0x00000000e0000000, 0x00000000f3c00000, 0x0000000100000000)
  eden space 265728K, 0% used [0x00000000e0000000,0x00000000e0000000,0x00000000f0380000)
  from space 19456K, 85% used [0x00000000f1880000,0x00000000f28c7220,0x00000000f2b80000)
  to   space 21504K, 0% used [0x00000000f0380000,0x00000000f0380000,0x00000000f1880000)
 ParOldGen       total 93184K, used 37915K [0x00000000a0000000, 0x00000000a5b00000, 0x00000000e0000000)
  object space 93184K, 40% used [0x00000000a0000000,0x00000000a2506c60,0x00000000a5b00000)
 Metaspace       used 63362K, capacity 65616K, committed 65792K, reserved 1105920K
  class space    used 8617K, capacity 9132K, committed 9216K, reserved 1048576K
}
Event: 23.194 GC heap before
{Heap before GC invocations=18 (full 3):
 PSYoungGen      total 285184K, used 282396K [0x00000000e0000000, 0x00000000f3c00000, 0x0000000100000000)
  eden space 265728K, 100% used [0x00000000e0000000,0x00000000f0380000,0x00000000f0380000)
  from space 19456K, 85% used [0x00000000f1880000,0x00000000f28c7220,0x00000000f2b80000)
  to   space 21504K, 0% used [0x00000000f0380000,0x00000000f0380000,0x00000000f1880000)
 ParOldGen       total 93184K, used 37915K [0x00000000a0000000, 0x00000000a5b00000, 0x00000000e0000000)
  object space 93184K, 40% used [0x00000000a0000000,0x00000000a2506c60,0x00000000a5b00000)
 Metaspace       used 63774K, capacity 66044K, committed 66304K, reserved 1105920K
  class space    used 8654K, capacity 9166K, committed 9216K, reserved 1048576K
Event: 23.212 GC heap after
Heap after GC invocations=18 (full 3):
 PSYoungGen      total 287232K, used 12549K [0x00000000e0000000, 0x00000000f7b80000, 0x0000000100000000)
  eden space 265728K, 0% used [0x00000000e0000000,0x00000000e0000000,0x00000000f0380000)
  from space 21504K, 58% used [0x00000000f0380000,0x00000000f0fc1538,0x00000000f1880000)
  to   space 21504K, 0% used [0x00000000f6680000,0x00000000f6680000,0x00000000f7b80000)
 ParOldGen       total 93184K, used 37923K [0x00000000a0000000, 0x00000000a5b00000, 0x00000000e0000000)
  object space 93184K, 40% used [0x00000000a0000000,0x00000000a2508c60,0x00000000a5b00000)
 Metaspace       used 63774K, capacity 66044K, committed 66304K, reserved 1105920K
  class space    used 8654K, capacity 9166K, committed 9216K, reserved 1048576K
}

